<?xml version="1.0" encoding="UTF-8"?>
<!-- Generated by org.testng.reporters.JUnitReportReporter -->
<testsuite hostname="DESKTOP-LO3T5QU" failures="0" tests="1" name="testscripts.regression.ValidateRegistration" time="10.392" errors="0" timestamp="2023-08-30T16:03:52 IST" skipped="0">
  <testcase classname="testscripts.regression.ValidateRegistration" name="validateRegistrationTest" time="10.392"/>
  <system-out/>
</testsuite> <!-- testscripts.regression.ValidateRegistration -->
