<?xml version="1.0" encoding="UTF-8"?>
<!-- Generated by org.testng.reporters.JUnitReportReporter -->
<testsuite hostname="DESKTOP-LO3T5QU" failures="0" tests="1" name="testscripts.regression.ValidateLoginPOM" time="15.865" errors="0" timestamp="2023-08-30T09:33:15 IST" skipped="0">
  <testcase classname="testscripts.regression.ValidateLoginPOM" name="ValidateLoginTest" time="15.865"/>
  <system-out/>
</testsuite> <!-- testscripts.regression.ValidateLoginPOM -->
