<?xml version="1.0" encoding="UTF-8"?>
<!-- Generated by org.testng.reporters.JUnitReportReporter -->
<testsuite hostname="DESKTOP-LO3T5QU" failures="0" tests="1" name="testscripts.regression.ValidateRegistrationDataProvider" time="13.721" errors="0" timestamp="2023-09-01T09:16:29 IST" skipped="0">
  <testcase classname="testscripts.regression.ValidateRegistrationDataProvider" name="validateRegistrationTest" time="13.721"/>
  <system-out/>
</testsuite> <!-- testscripts.regression.ValidateRegistrationDataProvider -->
